<?xml version="1.0" encoding="UTF-8"?>
<!-- Generated by org.testng.reporters.JUnitReportReporter -->
<testsuite skipped="1" hostname="LAPTOP-5G8JT4QV" name="com.inetbanking.testData.TC_LoginTest_001" tests="2" failures="0" timestamp="16 Mar 2022 14:38:06 GMT" time="3.631" errors="1">
  <testcase name="LoginTest" time="0.000" classname="com.inetbanking.testData.TC_LoginTest_001">
    <skipped/>
  </testcase> <!-- LoginTest -->
  <testcase name="setup" time="3.631" classname="com.inetbanking.testData.TC_LoginTest_001">
    <error type="org.openqa.selenium.SessionNotCreatedException" message="session not created: This version of ChromeDriver only supports Chrome version 89
Current browser version is 99.0.4844.51 with binary path C:\Program Files (x86)\Google\Chrome\Application\chrome.exe
Build info: version: &#039;3.141.59&#039;, revision: &#039;e82be7d358&#039;, time: &#039;2018-11-14T08:17:03&#039;
System info: host: &#039;LAPTOP-5G8JT4QV&#039;, ip: &#039;192.168.1.3&#039;, os.name: &#039;Windows 10&#039;, os.arch: &#039;amd64&#039;, os.version: &#039;10.0&#039;, java.version: &#039;1.8.0_172&#039;
Driver info: driver.version: ChromeDriver
remote stacktrace: Backtrace:
	Ordinal0 [0x0011E7D3+124883]
	Ordinal0 [0x0011E7B1+124849]
	GetHandleVerifier [0x00368688+193832]
	GetHandleVerifier [0x00383AC5+305509]
	GetHandleVerifier [0x0038021B+291003]
	GetHandleVerifier [0x0037E0AC+282444]
	GetHandleVerifier [0x003A4A90+440624]
	GetHandleVerifier [0x003A47FC+439964]
	GetHandleVerifier [0x003A154B+426987]
	GetHandleVerifier [0x00384FFD+310941]
	GetHandleVerifier [0x00385D8E+314414]
	GetHandleVerifier [0x00385D19+314297]
	GetHandleVerifier [0x004431EC+1089676]
	GetHandleVerifier [0x004417C9+1082985]
	GetHandleVerifier [0x004413A3+1081923]
	GetHandleVerifier [0x0053D9FD+2115741]
	Ordinal0 [0x0026B82E+1488942]
	Ordinal0 [0x00205A7D+1071741]
	Ordinal0 [0x0020559B+1070491]
	Ordinal0 [0x002054B1+1070257]
	Ordinal0 [0x0023FF53+1310547]
	BaseThreadInitThunk [0x76FCFA29+25]
	RtlGetAppContainerNamedObjectPath [0x77297A7E+286]
	RtlGetAppContainerNamedObjectPath [0x77297A4E+238]
">
      <![CDATA[org.openqa.selenium.SessionNotCreatedException: session not created: This version of ChromeDriver only supports Chrome version 89
Current browser version is 99.0.4844.51 with binary path C:\Program Files (x86)\Google\Chrome\Application\chrome.exe
Build info: version: '3.141.59', revision: 'e82be7d358', time: '2018-11-14T08:17:03'
System info: host: 'LAPTOP-5G8JT4QV', ip: '192.168.1.3', os.name: 'Windows 10', os.arch: 'amd64', os.version: '10.0', java.version: '1.8.0_172'
Driver info: driver.version: ChromeDriver
remote stacktrace: Backtrace:
Ordinal0 [0x0011E7D3+124883]
Ordinal0 [0x0011E7B1+124849]
GetHandleVerifier [0x00368688+193832]
GetHandleVerifier [0x00383AC5+305509]
GetHandleVerifier [0x0038021B+291003]
GetHandleVerifier [0x0037E0AC+282444]
GetHandleVerifier [0x003A4A90+440624]
GetHandleVerifier [0x003A47FC+439964]
GetHandleVerifier [0x003A154B+426987]
GetHandleVerifier [0x00384FFD+310941]
GetHandleVerifier [0x00385D8E+314414]
GetHandleVerifier [0x00385D19+314297]
GetHandleVerifier [0x004431EC+1089676]
GetHandleVerifier [0x004417C9+1082985]
GetHandleVerifier [0x004413A3+1081923]
GetHandleVerifier [0x0053D9FD+2115741]
Ordinal0 [0x0026B82E+1488942]
Ordinal0 [0x00205A7D+1071741]
Ordinal0 [0x0020559B+1070491]
Ordinal0 [0x002054B1+1070257]
Ordinal0 [0x0023FF53+1310547]
BaseThreadInitThunk [0x76FCFA29+25]
RtlGetAppContainerNamedObjectPath [0x77297A7E+286]
RtlGetAppContainerNamedObjectPath [0x77297A4E+238]

at sun.reflect.NativeConstructorAccessorImpl.newInstance0(Native Method)
at sun.reflect.NativeConstructorAccessorImpl.newInstance(Unknown Source)
at sun.reflect.DelegatingConstructorAccessorImpl.newInstance(Unknown Source)
at java.lang.reflect.Constructor.newInstance(Unknown Source)
at org.openqa.selenium.remote.W3CHandshakeResponse.lambda$errorHandler$0(W3CHandshakeResponse.java:62)
at org.openqa.selenium.remote.HandshakeResponse.lambda$getResponseFunction$0(HandshakeResponse.java:30)
at org.openqa.selenium.remote.ProtocolHandshake.lambda$createSession$0(ProtocolHandshake.java:126)
at java.util.stream.ReferencePipeline$3$1.accept(Unknown Source)
at java.util.Spliterators$ArraySpliterator.tryAdvance(Unknown Source)
at java.util.stream.ReferencePipeline.forEachWithCancel(Unknown Source)
at java.util.stream.AbstractPipeline.copyIntoWithCancel(Unknown Source)
at java.util.stream.AbstractPipeline.copyInto(Unknown Source)
at java.util.stream.AbstractPipeline.wrapAndCopyInto(Unknown Source)
at java.util.stream.FindOps$FindOp.evaluateSequential(Unknown Source)
at java.util.stream.AbstractPipeline.evaluate(Unknown Source)
at java.util.stream.ReferencePipeline.findFirst(Unknown Source)
at org.openqa.selenium.remote.ProtocolHandshake.createSession(ProtocolHandshake.java:128)
at org.openqa.selenium.remote.ProtocolHandshake.createSession(ProtocolHandshake.java:74)
at org.openqa.selenium.remote.HttpCommandExecutor.execute(HttpCommandExecutor.java:136)
at org.openqa.selenium.remote.service.DriverCommandExecutor.execute(DriverCommandExecutor.java:83)
at org.openqa.selenium.remote.RemoteWebDriver.execute(RemoteWebDriver.java:552)
at org.openqa.selenium.remote.RemoteWebDriver.startSession(RemoteWebDriver.java:213)
at org.openqa.selenium.remote.RemoteWebDriver.<init>(RemoteWebDriver.java:131)
at org.openqa.selenium.chrome.ChromeDriver.<init>(ChromeDriver.java:181)
at org.openqa.selenium.chrome.ChromeDriver.<init>(ChromeDriver.java:168)
at org.openqa.selenium.chrome.ChromeDriver.<init>(ChromeDriver.java:123)
at com.inetbanking.testCases.BaseClass.setup(BaseClass.java:28)
at sun.reflect.NativeMethodAccessorImpl.invoke0(Native Method)
at sun.reflect.NativeMethodAccessorImpl.invoke(Unknown Source)
at sun.reflect.DelegatingMethodAccessorImpl.invoke(Unknown Source)
at java.lang.reflect.Method.invoke(Unknown Source)
at org.testng.internal.MethodInvocationHelper.invokeMethod(MethodInvocationHelper.java:124)
at org.testng.internal.MethodInvocationHelper.invokeMethodConsideringTimeout(MethodInvocationHelper.java:59)
at org.testng.internal.Invoker.invokeConfigurationMethod(Invoker.java:458)
at org.testng.internal.Invoker.invokeConfigurations(Invoker.java:222)
at org.testng.internal.Invoker.invokeConfigurations(Invoker.java:142)
at org.testng.internal.TestMethodWorker.invokeBeforeClassMethods(TestMethodWorker.java:168)
at org.testng.internal.TestMethodWorker.run(TestMethodWorker.java:105)
at org.testng.TestRunner.privateRun(TestRunner.java:648)
at org.testng.TestRunner.run(TestRunner.java:505)
at org.testng.SuiteRunner.runTest(SuiteRunner.java:455)
at org.testng.SuiteRunner.runSequentially(SuiteRunner.java:450)
at org.testng.SuiteRunner.privateRun(SuiteRunner.java:415)
at org.testng.SuiteRunner.run(SuiteRunner.java:364)
at org.testng.SuiteRunnerWorker.runSuite(SuiteRunnerWorker.java:52)
at org.testng.SuiteRunnerWorker.run(SuiteRunnerWorker.java:84)
at org.testng.TestNG.runSuitesSequentially(TestNG.java:1208)
at org.testng.TestNG.runSuitesLocally(TestNG.java:1137)
at org.testng.TestNG.runSuites(TestNG.java:1049)
at org.testng.TestNG.run(TestNG.java:1017)
at org.testng.remote.AbstractRemoteTestNG.run(AbstractRemoteTestNG.java:114)
at org.testng.remote.RemoteTestNG.initAndRun(RemoteTestNG.java:251)
at org.testng.remote.RemoteTestNG.main(RemoteTestNG.java:77)
]]>
    </error>
  </testcase> <!-- setup -->
</testsuite> <!-- com.inetbanking.testData.TC_LoginTest_001 -->
